已經開始建置於 2018/11/30 下午 08:56:41。
     1>節點 2 (Build 目標) 上的專案 "C:\Users\chris\OneDrive\桌面\107360212何禹蒨\25\25\25\25.vcxproj"。
     1>C:\Program Files (x86)\MSBuild\Microsoft.Cpp\v4.0\V120\Microsoft.CppBuild.targets(363,5): warning MSB8004: Intermediate Directory does not end with a trailing slash.  This build instance will add the slash as it is required to allow proper evaluation of the Intermediate Directory.
     1>C:\Program Files (x86)\MSBuild\Microsoft.Cpp\v4.0\V120\Microsoft.CppBuild.targets(364,5): warning MSB8004: Output Directory does not end with a trailing slash.  This build instance will add the slash as it is required to allow proper evaluation of the Output Directory.
     1>ClCompile:
         C:\Program Files (x86)\Microsoft Visual Studio 12.0\VC\bin\CL.exe /c /I"C:\Users\chris\OneDrive\桌面\107360212何禹蒨\25\include" /ZI /nologo /W3 /WX- /sdl /Od /Oy- /D _MBCS /Gm /EHsc /RTC1 /MDd /GS /fp:precise /Zc:wchar_t /Zc:forScope /Fo"..\..\temp\debug\\" /Fd"..\..\temp\debug\vc120.pdb" /Gd /TC /analyze- /errorReport:prompt ..\..\source\main.c
         main.c
     1>c:\users\chris\onedrive\桌面\107360212何禹蒨\25\source\main.c(13): warning C4244: '函式' : 將 'time_t' 轉換為 'unsigned int'，由於類型不同，可能導致資料遺失
     1>c:\users\chris\onedrive\桌面\107360212何禹蒨\25\source\main.c(14): warning C4047: '函式' : 'int' 與 'int [4][13]' 間接取值的層級不同
     1>c:\users\chris\onedrive\桌面\107360212何禹蒨\25\source\main.c(14): warning C4024: 'shuffle' : 型式和實質參數 1 不同的類型
     1>c:\users\chris\onedrive\桌面\107360212何禹蒨\25\source\main.c(15): warning C4047: '函式' : 'int' 與 'int [4][13]' 間接取值的層級不同
     1>c:\users\chris\onedrive\桌面\107360212何禹蒨\25\source\main.c(15): warning C4024: 'deal' : 型式和實質參數 1 不同的類型
     1>c:\users\chris\onedrive\桌面\107360212何禹蒨\25\source\main.c(15): warning C4047: '函式' : 'char *' 與 'char *[13]' 間接取值的層級不同
     1>c:\users\chris\onedrive\桌面\107360212何禹蒨\25\source\main.c(15): warning C4024: 'deal' : 型式和實質參數 2 不同的類型
     1>c:\users\chris\onedrive\桌面\107360212何禹蒨\25\source\main.c(15): warning C4047: '函式' : 'char *' 與 'char *[4]' 間接取值的層級不同
     1>c:\users\chris\onedrive\桌面\107360212何禹蒨\25\source\main.c(15): warning C4024: 'deal' : 型式和實質參數 3 不同的類型
     1>c:\users\chris\onedrive\桌面\107360212何禹蒨\25\source\main.c(18): warning C4028: 型式參數 1 與來自宣告的不同
     1>c:\users\chris\onedrive\桌面\107360212何禹蒨\25\source\main.c(30): warning C4028: 型式參數 1 與來自宣告的不同
     1>c:\users\chris\onedrive\桌面\107360212何禹蒨\25\source\main.c(30): warning C4028: 型式參數 2 與來自宣告的不同
     1>c:\users\chris\onedrive\桌面\107360212何禹蒨\25\source\main.c(30): warning C4028: 型式參數 3 與來自宣告的不同
       Link:
         C:\Program Files (x86)\Microsoft Visual Studio 12.0\VC\bin\link.exe /ERRORREPORT:PROMPT /OUT:"..\..\temp\debug\25.exe" /INCREMENTAL /NOLOGO kernel32.lib user32.lib gdi32.lib winspool.lib comdlg32.lib advapi32.lib shell32.lib ole32.lib oleaut32.lib uuid.lib odbc32.lib odbccp32.lib /MANIFEST /MANIFESTUAC:"level='asInvoker' uiAccess='false'" /manifest:embed /DEBUG /PDB:"..\..\temp\debug\25.pdb" /TLBID:1 /DYNAMICBASE /NXCOMPAT /IMPLIB:"..\..\temp\debug\25.lib" /MACHINE:X86 ..\..\temp\debug\main.obj
         25.vcxproj -> C:\Users\chris\OneDrive\桌面\107360212何禹蒨\25\25\25\..\..\temp\debug\25.exe
     1>專案 "C:\Users\chris\OneDrive\桌面\107360212何禹蒨\25\25\25\25.vcxproj" (Build 目標) 建置完成。

建置成功。

經過時間 00:00:01.04
